<?xml version="1.0" encoding="utf-8"?><testsuites name="pytest tests"><testsuite name="pytest" errors="0" failures="0" skipped="0" tests="20" time="30.698" timestamp="2026-05-26T08:09:14.934449+00:00" hostname="agent-env-5d809cfc-e937-48e7-9ad8-5cb9c0aa8125"><testcase classname="backend.tests.test_ai_estimation.TestSchema" name="test_schema_fabricator_slimmed" time="0.480" /><testcase classname="backend.tests.test_ai_estimation.TestSchema" name="test_schema_detailer_slimmed" time="0.136" /><testcase classname="backend.tests.test_ai_estimation.TestAICalculateValidation" name="test_missing_file_ids_returns_422" time="0.874" /><testcase classname="backend.tests.test_ai_estimation.TestAICalculateValidation" name="test_zero_rate_returns_422" time="0.208" /><testcase classname="backend.tests.test_ai_estimation.TestAICalculateValidation" name="test_invalid_role_estimator_returns_400" time="0.155" /><testcase classname="backend.tests.test_ai_estimation.TestAICalculateValidation" name="test_invalid_role_engineer_returns_400" time="0.114" /><testcase classname="backend.tests.test_ai_estimation.TestAICalculateValidation" name="test_non_super_admin_cross_role_returns_403" time="0.868" /><testcase classname="backend.tests.test_ai_estimation.TestAICalculateValidation" name="test_can_run_estimation_false_returns_403" time="0.969" /><testcase classname="backend.tests.test_ai_estimation.TestAICalculateValidation" name="test_country_lockdown_returns_403" time="0.213" /><testcase classname="backend.tests.test_ai_estimation.TestAICalculateValidation" name="test_exceeds_max_files_returns_413" time="0.565" /><testcase classname="backend.tests.test_ai_estimation.TestAICalculateValidation" name="test_non_vision_friendly_file_returns_415" time="0.210" /><testcase classname="backend.tests.test_ai_estimation.TestAIHappyPath" name="test_fabricator_happy" time="12.541" /><testcase classname="backend.tests.test_ai_estimation.TestAIHappyPath" name="test_detailer_happy" time="12.374" /><testcase classname="backend.tests.test_ai_estimation.TestAIHappyPath" name="test_pdf_fabricator" time="0.143" /><testcase classname="backend.tests.test_ai_estimation.TestAIHappyPath" name="test_pdf_detailer" time="0.131" /><testcase classname="backend.tests.test_ai_estimation.TestAIHappyPath" name="test_list_estimates_includes_ai_run" time="0.115" /><testcase classname="backend.tests.test_ai_estimation.TestAIHappyPath" name="test_audit_log_records_ai_calculate" time="0.168" /><testcase classname="backend.tests.test_ai_estimation.TestLegacyCalculate" name="test_fabricator_legacy_requires_cost_band" time="0.133" /><testcase classname="backend.tests.test_ai_estimation.TestLegacyCalculate" name="test_fabricator_legacy_happy" time="0.110" /><testcase classname="backend.tests.test_ai_estimation.TestLegacyCalculate" name="test_detailer_legacy_hours_path" time="0.102" /></testsuite></testsuites>