<?xml version="1.0" encoding="utf-8"?><testsuites name="pytest tests"><testsuite name="pytest" errors="0" failures="0" skipped="0" tests="32" time="11.481" timestamp="2026-05-26T06:52:03.277757+00:00" hostname="agent-env-5d809cfc-e937-48e7-9ad8-5cb9c0aa8125"><testcase classname="tests.test_v4_architecture" name="test_health" time="0.367" /><testcase classname="tests.test_v4_architecture" name="test_super_admin1_login_role" time="0.366" /><testcase classname="tests.test_v4_architecture" name="test_super_admin2_login_role" time="0.329" /><testcase classname="tests.test_v4_architecture" name="test_signup_rejects_legacy_role_engineer" time="0.145" /><testcase classname="tests.test_v4_architecture" name="test_signup_rejects_legacy_role_admin" time="0.102" /><testcase classname="tests.test_v4_architecture" name="test_super_admin_me_permissions_wildcard" time="0.488" /><testcase classname="tests.test_v4_architecture" name="test_list_users_has_rollup" time="0.446" /><testcase classname="tests.test_v4_architecture" name="test_list_users_forbidden_for_non_admin" time="0.522" /><testcase classname="tests.test_v4_architecture" name="test_new_user_default_permissions_locked" time="0.113" /><testcase classname="tests.test_v4_architecture" name="test_fabricator_default_can_run_estimation" time="0.433" /><testcase classname="tests.test_v4_architecture" name="test_update_permissions" time="0.111" /><testcase classname="tests.test_v4_architecture" name="test_cannot_edit_super_admin_perms" time="0.574" /><testcase classname="tests.test_v4_architecture" name="test_password_reset_weak" time="0.110" /><testcase classname="tests.test_v4_architecture" name="test_password_reset_strong" time="0.337" /><testcase classname="tests.test_v4_architecture" name="test_impersonate_readonly" time="0.325" /><testcase classname="tests.test_v4_architecture" name="test_cannot_impersonate_super_admin" time="0.217" /><testcase classname="tests.test_v4_architecture" name="test_analytics_shape" time="0.118" /><testcase classname="tests.test_v4_architecture" name="test_audit_log_sort_and_filter" time="0.272" /><testcase classname="tests.test_v4_architecture" name="test_modes_all_returns_empty_or_list" time="0.114" /><testcase classname="tests.test_v4_architecture" name="test_modes_for_detailer_empty" time="0.450" /><testcase classname="tests.test_v4_architecture" name="test_modes_for_super_admin_does_not_crash" time="0.108" /><testcase classname="tests.test_v4_architecture" name="test_analysis_unknown_mode" time="0.139" /><testcase classname="tests.test_v4_architecture" name="test_estimation_fabricator_missing_cost_band" time="0.425" /><testcase classname="tests.test_v4_architecture" name="test_estimation_fabricator_full" time="0.433" /><testcase classname="tests.test_v4_architecture" name="test_estimation_detailer" time="0.888" /><testcase classname="tests.test_v4_architecture" name="test_estimation_invalid_role_blocked" time="0.104" /><testcase classname="tests.test_v4_architecture" name="test_estimation_detailer_no_permission" time="0.000" /><testcase classname="tests.test_v4_architecture" name="test_estimation_country_block" time="0.548" /><testcase classname="tests.test_v4_architecture" name="test_estimation_countries_filtered" time="0.462" /><testcase classname="tests.test_v4_architecture" name="test_estimation_pdf_stream" time="0.583" /><testcase classname="tests.test_v4_architecture" name="test_file_size_cap" time="1.065" /><testcase classname="tests.test_v4_architecture" name="test_disable_user_rules" time="0.534" /></testsuite></testsuites>