<?xml version="1.0" encoding="utf-8"?><testsuites name="pytest tests"><testsuite name="pytest" errors="0" failures="0" skipped="0" tests="11" time="4.319" timestamp="2026-05-26T11:16:01.175093+00:00" hostname="agent-env-5d809cfc-e937-48e7-9ad8-5cb9c0aa8125"><testcase classname="tests.test_mode_catalog.TestModeCatalog" name="test_all_modes_returns_32" time="0.531" /><testcase classname="tests.test_mode_catalog.TestModeCatalog" name="test_partition_16_16_by_role" time="0.154" /><testcase classname="tests.test_mode_catalog.TestModeCatalog" name="test_eight_groups" time="0.108" /><testcase classname="tests.test_mode_catalog.TestModeCatalog" name="test_detailer_estimation_mode" time="0.109" /><testcase classname="tests.test_mode_catalog.TestModeCatalog" name="test_fabricator_estimation_mode" time="0.110" /><testcase classname="tests.test_mode_catalog.TestPromptIdentity" name="test_15_shared_prompts_identical" time="0.001" /><testcase classname="tests.test_mode_catalog.TestUserPermissions" name="test_fresh_detailer_sees_no_modes" time="0.805" /><testcase classname="tests.test_mode_catalog.TestUserPermissions" name="test_enable_three_modes_for_detailer" time="0.660" /><testcase classname="tests.test_mode_catalog.TestUserPermissions" name="test_cross_role_id_isolation" time="0.553" /><testcase classname="tests.test_mode_catalog.TestUserPermissions" name="test_fabricator_two_modes" time="1.092" /><testcase classname="tests.test_mode_catalog.TestSuperAdminModes" name="test_super_admin_sees_all_32" time="0.116" /></testsuite></testsuites>