<?xml version="1.0" encoding="utf-8"?><testsuites name="pytest tests"><testsuite name="pytest" errors="0" failures="0" skipped="0" tests="23" time="35.342" timestamp="2026-04-24T18:47:06.152752+00:00" hostname="agent-env-5d809cfc-e937-48e7-9ad8-5cb9c0aa8125"><testcase classname="backend.tests.backend_test" name="test_health_ok" time="0.320" /><testcase classname="backend.tests.backend_test" name="test_admin_login_no_otp" time="0.406" /><testcase classname="backend.tests.backend_test" name="test_auth_me" time="0.458" /><testcase classname="backend.tests.backend_test" name="test_signup_triggers_otp" time="0.336" /><testcase classname="backend.tests.backend_test" name="test_verify_otp_success" time="0.112" /><testcase classname="backend.tests.backend_test" name="test_verify_otp_invalid_fails" time="0.443" /><testcase classname="backend.tests.backend_test" name="test_forgot_password_flow" time="0.970" /><testcase classname="backend.tests.backend_test" name="test_change_password_requires_otp" time="0.923" /><testcase classname="backend.tests.backend_test" name="test_projects_crud" time="0.556" /><testcase classname="backend.tests.backend_test" name="test_file_upload_sha256" time="0.215" /><testcase classname="backend.tests.backend_test" name="test_analysis_modes" time="0.110" /><testcase classname="backend.tests.backend_test" name="test_analysis_complete_fields" time="28.249" /><testcase classname="backend.tests.backend_test" name="test_analysis_export_download[pdf]" time="0.109" /><testcase classname="backend.tests.backend_test" name="test_analysis_export_download[docx]" time="0.160" /><testcase classname="backend.tests.backend_test" name="test_analysis_export_download[xlsx]" time="0.115" /><testcase classname="backend.tests.backend_test" name="test_analysis_export_download[csv]" time="0.136" /><testcase classname="backend.tests.backend_test" name="test_analysis_export_download[markdown]" time="0.109" /><testcase classname="backend.tests.backend_test" name="test_rfi_crud" time="0.458" /><testcase classname="backend.tests.backend_test" name="test_dashboard_stats" time="0.139" /><testcase classname="backend.tests.backend_test" name="test_notifications_list" time="0.112" /><testcase classname="backend.tests.backend_test" name="test_admin_users_and_analytics" time="0.321" /><testcase classname="backend.tests.backend_test" name="test_role_enforcement_non_admin_pro_mode" time="0.214" /><testcase classname="backend.tests.backend_test" name="test_blockchain_verify" time="0.263" /></testsuite></testsuites>